app/admin/faq/page.tsx(194,7): error TS1130: 'case' or 'default' expected.
app/admin/faq/page.tsx(194,33): error TS1005: ';' expected.
app/admin/faq/page.tsx(195,7): error TS1434: Unexpected keyword or identifier.
app/admin/faq/page.tsx(195,34): error TS1005: ';' expected.
app/admin/faq/page.tsx(196,7): error TS1434: Unexpected keyword or identifier.
app/admin/faq/page.tsx(196,32): error TS1005: ';' expected.
app/admin/faq/page.tsx(197,7): error TS1434: Unexpected keyword or identifier.
app/admin/faq/page.tsx(197,32): error TS1005: ';' expected.
app/admin/faq/page.tsx(198,7): error TS1434: Unexpected keyword or identifier.
app/admin/faq/page.tsx(198,32): error TS1005: ';' expected.
app/admin/faq/page.tsx(199,7): error TS1128: Declaration or statement expected.
app/admin/faq/page.tsx(199,14): error TS1128: Declaration or statement expected.
app/admin/faq/page.tsx(201,3): error TS1128: Declaration or statement expected.
app/admin/faq/page.tsx(467,1): error TS1128: Declaration or statement expected.
app/admin/insights/page.tsx(740,1): error TS1005: ')' expected.
app/admin/notifications/page.tsx(96,7): error TS1130: 'case' or 'default' expected.
app/admin/notifications/page.tsx(96,39): error TS1005: ';' expected.
app/admin/notifications/page.tsx(97,7): error TS1434: Unexpected keyword or identifier.
app/admin/notifications/page.tsx(97,44): error TS1005: ';' expected.
app/admin/notifications/page.tsx(98,7): error TS1434: Unexpected keyword or identifier.
app/admin/notifications/page.tsx(98,44): error TS1005: ';' expected.
app/admin/notifications/page.tsx(99,7): error TS1434: Unexpected keyword or identifier.
app/admin/notifications/page.tsx(99,44): error TS1005: ';' expected.
app/admin/notifications/page.tsx(100,7): error TS1434: Unexpected keyword or identifier.
app/admin/notifications/page.tsx(100,35): error TS1005: ';' expected.
app/admin/notifications/page.tsx(101,7): error TS1434: Unexpected keyword or identifier.
app/admin/notifications/page.tsx(101,39): error TS1005: ';' expected.
app/admin/notifications/page.tsx(104,7): error TS1434: Unexpected keyword or identifier.
app/admin/notifications/page.tsx(104,40): error TS1005: ';' expected.
app/admin/notifications/page.tsx(105,7): error TS1434: Unexpected keyword or identifier.
app/admin/notifications/page.tsx(105,36): error TS1005: ';' expected.
app/admin/notifications/page.tsx(106,7): error TS1128: Declaration or statement expected.
app/admin/notifications/page.tsx(106,14): error TS1128: Declaration or statement expected.
app/admin/notifications/page.tsx(108,3): error TS1128: Declaration or statement expected.
app/admin/notifications/page.tsx(233,35): error TS1005: ',' expected.
app/admin/notifications/page.tsx(234,19): error TS1005: ')' expected.
app/admin/notifications/page.tsx(234,21): error TS17002: Expected corresponding JSX closing tag for 'button'.
app/admin/notifications/page.tsx(235,18): error TS1005: ',' expected.
app/admin/notifications/page.tsx(236,17): error TS17002: Expected corresponding JSX closing tag for 'div'.
app/admin/notifications/page.tsx(237,15): error TS1381: Unexpected token. Did you mean `{'}'}` or `&rbrace;`?
app/admin/notifications/page.tsx(459,5): error TS1005: ')' expected.
app/admin/notifications/page.tsx(460,3): error TS1109: Expression expected.
app/admin/notifications/page.tsx(461,1): error TS1128: Declaration or statement expected.
app/admin/recommendations/[id]/page.tsx(443,28): error TS1003: Identifier expected.
app/admin/recommendations/[id]/page.tsx(446,25): error TS1382: Unexpected token. Did you mean `{'>'}` or `&gt;`?
app/admin/recommendations/[id]/page.tsx(448,27): error TS17002: Expected corresponding JSX closing tag for 'div'.
app/admin/recommendations/[id]/page.tsx(449,24): error TS1381: Unexpected token. Did you mean `{'}'}` or `&rbrace;`?
app/admin/recommendations/[id]/page.tsx(451,19): error TS1005: ')' expected.
app/admin/recommendations/[id]/page.tsx(453,16): error TS1381: Unexpected token. Did you mean `{'}'}` or `&rbrace;`?
app/admin/recommendations/[id]/page.tsx(505,21): error TS1003: Identifier expected.
app/admin/recommendations/[id]/page.tsx(508,18): error TS1382: Unexpected token. Did you mean `{'>'}` or `&gt;`?
app/admin/recommendations/[id]/page.tsx(512,20): error TS17002: Expected corresponding JSX closing tag for 'div'.
app/admin/recommendations/[id]/page.tsx(517,10): error TS1005: ')' expected.
app/admin/recommendations/[id]/page.tsx(537,7): error TS1128: Declaration or statement expected.
app/admin/recommendations/[id]/page.tsx(540,12): error TS1005: ';' expected.
app/admin/recommendations/[id]/page.tsx(541,10): error TS2657: JSX expressions must have one parent element.
app/admin/recommendations/[id]/page.tsx(577,7): error TS1128: Declaration or statement expected.
app/admin/recommendations/[id]/page.tsx(578,5): error TS1109: Expression expected.
app/admin/recommendations/[id]/page.tsx(579,3): error TS1109: Expression expected.
app/admin/recommendations/[id]/page.tsx(580,1): error TS1128: Declaration or statement expected.
app/admin/recommendations/page.tsx(84,7): error TS1130: 'case' or 'default' expected.
app/admin/recommendations/page.tsx(84,33): error TS1005: ';' expected.
app/admin/recommendations/page.tsx(85,7): error TS1434: Unexpected keyword or identifier.
app/admin/recommendations/page.tsx(85,30): error TS1005: ';' expected.
app/admin/recommendations/page.tsx(86,7): error TS1128: Declaration or statement expected.
app/admin/recommendations/page.tsx(86,14): error TS1128: Declaration or statement expected.
app/admin/recommendations/page.tsx(88,3): error TS1128: Declaration or statement expected.
app/admin/recommendations/page.tsx(92,7): error TS1130: 'case' or 'default' expected.
app/admin/recommendations/page.tsx(92,39): error TS1005: ';' expected.
app/admin/recommendations/page.tsx(93,7): error TS1434: Unexpected keyword or identifier.
app/admin/recommendations/page.tsx(93,40): error TS1005: ';' expected.
app/admin/recommendations/page.tsx(94,7): error TS1434: Unexpected keyword or identifier.
app/admin/recommendations/page.tsx(94,39): error TS1005: ';' expected.
app/admin/recommendations/page.tsx(95,7): error TS1128: Declaration or statement expected.
app/admin/recommendations/page.tsx(95,14): error TS1128: Declaration or statement expected.
app/admin/recommendations/page.tsx(96,5): error TS1128: Declaration or statement expected.
app/admin/recommendations/page.tsx(97,3): error TS1128: Declaration or statement expected.
app/admin/recommendations/page.tsx(303,1): error TS1128: Declaration or statement expected.
app/api/admin/insights/route.ts(47,7): error TS1128: Declaration or statement expected.
app/api/admin/recommendations/[id]/route.ts(65,7): error TS1128: Declaration or statement expected.
app/api/admin/recommendations/[id]/route.ts(266,14): error TS1005: ';' expected.
app/api/admin/recommendations/[id]/route.ts(267,15): error TS1005: ';' expected.
app/api/admin/recommendations/[id]/route.ts(268,8): error TS1128: Declaration or statement expected.
app/api/admin/recommendations/[id]/route.ts(298,5): error TS1472: 'catch' or 'finally' expected.
app/api/admin/recommendations/[id]/route.ts(357,5): error TS1005: 'try' expected.
app/api/admin/recommendations/[id]/route.ts(361,1): error TS1128: Declaration or statement expected.
app/api/admin/users/create/route.ts(73,19): error TS1005: ';' expected.
app/api/admin/users/create/route.ts(74,18): error TS1005: ';' expected.
app/api/admin/users/create/route.ts(75,22): error TS1005: ';' expected.
app/api/admin/users/create/route.ts(76,14): error TS1005: ';' expected.
app/api/admin/users/create/route.ts(77,22): error TS1005: ';' expected.
app/api/admin/users/create/route.ts(78,15): error TS1005: ';' expected.
app/api/admin/users/create/route.ts(79,21): error TS1005: ';' expected.
app/api/admin/users/create/route.ts(80,23): error TS1005: ';' expected.
app/api/admin/users/create/route.ts(81,17): error TS1005: ';' expected.
app/api/admin/users/create/route.ts(82,26): error TS1005: ';' expected.
app/api/admin/users/create/route.ts(83,31): error TS1005: ';' expected.
app/api/admin/users/create/route.ts(84,8): error TS1472: 'catch' or 'finally' expected.
app/api/admin/users/create/route.ts(127,3): error TS1128: Declaration or statement expected.
app/api/admin/users/create/route.ts(127,5): error TS1005: 'try' expected.
app/api/admin/users/create/route.ts(131,1): error TS1128: Declaration or statement expected.
app/api/appointments/[id]/cancel/route.ts(24,5): error TS1472: 'catch' or 'finally' expected.
app/api/appointments/[id]/cancel/route.ts(225,5): error TS1005: 'try' expected.
app/api/appointments/[id]/cancel/route.ts(229,1): error TS1128: Declaration or statement expected.
app/api/doctor/applications/[id]/status/route.ts(99,9): error TS1128: Declaration or statement expected.
app/api/doctor/applications/[id]/status/route.ts(108,18): error TS1005: ';' expected.
app/api/doctor/applications/[id]/status/route.ts(109,19): error TS1005: ';' expected.
app/api/doctor/applications/[id]/status/route.ts(110,17): error TS1005: ';' expected.
app/api/doctor/applications/[id]/status/route.ts(111,18): error TS1005: ';' expected.
app/api/doctor/applications/[id]/status/route.ts(112,11): error TS1128: Declaration or statement expected.
app/api/doctor/applications/[id]/status/route.ts(138,12): error TS1128: Declaration or statement expected.
app/api/doctor/applications/[id]/status/route.ts(142,12): error TS1128: Declaration or statement expected.
app/api/doctor/applications/[id]/status/route.ts(174,5): error TS1472: 'catch' or 'finally' expected.
app/api/doctor/applications/[id]/status/route.ts(175,5): error TS1005: 'try' expected.
app/api/doctor/applications/[id]/status/route.ts(179,1): error TS1128: Declaration or statement expected.
app/api/patient/[token]/book/route.ts(105,14): error TS1005: ';' expected.
app/api/patient/[token]/book/route.ts(106,21): error TS1005: ';' expected.
app/api/patient/[token]/book/route.ts(107,8): error TS1128: Declaration or statement expected.
app/api/patient/[token]/book/route.ts(107,9): error TS1128: Declaration or statement expected.
app/api/patient/[token]/book/route.ts(107,10): error TS1005: 'try' expected.
app/api/patient/[token]/book/route.ts(107,18): error TS1005: ')' expected.
app/api/patient/[token]/book/route.ts(107,37): error TS1005: ';' expected.
app/api/patient/[token]/book/route.ts(114,3): error TS1472: 'catch' or 'finally' expected.
app/api/patient/[token]/book/route.ts(114,5): error TS1005: 'try' expected.
app/api/patient/[token]/book/route.ts(117,1): error TS1128: Declaration or statement expected.
app/api/patient/[token]/booking/route.ts(62,17): error TS1128: Declaration or statement expected.
app/api/patient/[token]/route.ts(210,14): error TS1005: ';' expected.
app/api/patient/[token]/route.ts(211,19): error TS1005: ';' expected.
app/api/patient/[token]/route.ts(212,21): error TS1005: ';' expected.
app/api/patient/[token]/route.ts(213,15): error TS1005: ';' expected.
app/api/patient/[token]/route.ts(214,8): error TS1128: Declaration or statement expected.
app/api/patient/[token]/route.ts(219,5): error TS1472: 'catch' or 'finally' expected.
app/api/patient/[token]/route.ts(232,14): error TS1005: ';' expected.
app/api/patient/[token]/route.ts(233,19): error TS1005: ';' expected.
app/api/patient/[token]/route.ts(234,21): error TS1005: ';' expected.
app/api/patient/[token]/route.ts(235,15): error TS1005: ';' expected.
app/api/patient/[token]/route.ts(236,14): error TS1005: ';' expected.
app/api/patient/[token]/route.ts(237,8): error TS1128: Declaration or statement expected.
app/api/patient/[token]/route.ts(243,3): error TS1128: Declaration or statement expected.
app/api/patient/[token]/route.ts(243,5): error TS1005: 'try' expected.
app/api/patient/[token]/route.ts(246,1): error TS1128: Declaration or statement expected.
app/api/patient/[token]/select-slot/route.ts(47,5): error TS1472: 'catch' or 'finally' expected.
app/api/patient/[token]/select-slot/route.ts(93,5): error TS1005: 'try' expected.
app/api/patient/[token]/select-slot/route.ts(97,1): error TS1128: Declaration or statement expected.
app/api/register/bc/route.ts(27,17): error TS1005: ';' expected.
app/api/register/bc/route.ts(28,16): error TS1005: ';' expected.
app/api/register/bc/route.ts(29,20): error TS1005: ';' expected.
app/api/register/bc/route.ts(30,12): error TS1005: ';' expected.
app/api/register/bc/route.ts(31,14): error TS1005: ';' expected.
app/api/register/bc/route.ts(31,37): error TS1128: Declaration or statement expected.
app/api/register/bc/route.ts(33,19): error TS1005: ';' expected.
app/api/register/bc/route.ts(34,21): error TS1005: ';' expected.
app/api/register/bc/route.ts(35,24): error TS1005: ';' expected.
app/api/register/bc/route.ts(36,29): error TS1005: ';' expected.
app/api/register/bc/route.ts(37,13): error TS1005: ';' expected.
app/api/register/bc/route.ts(38,5): error TS1109: Expression expected.
app/api/register/bc/route.ts(38,6): error TS1472: 'catch' or 'finally' expected.
app/api/register/bc/route.ts(71,5): error TS1005: 'try' expected.
app/api/register/bc/route.ts(75,1): error TS1128: Declaration or statement expected.
app/dashboard/bc/requests/page.tsx(24,5): error TS1128: Declaration or statement expected.
app/dashboard/bc/requests/page.tsx(65,11): error TS1109: Expression expected.
app/dashboard/bc/requests/page.tsx(70,1): error TS1128: Declaration or statement expected.
app/dashboard/layout.tsx(18,5): error TS1005: ')' expected.
app/dashboard/layout.tsx(19,3): error TS1109: Expression expected.
app/dashboard/page.tsx(426,1): error TS1128: Declaration or statement expected.
app/dashboard/recommendations/[id]/matching/MatchingShortlistClient.tsx(206,23): error TS1005: '}' expected.
app/dashboard/recommendations/[id]/matching/MatchingShortlistClient.tsx(207,19): error TS1381: Unexpected token. Did you mean `{'}'}` or `&rbrace;`?
app/dashboard/recommendations/[id]/matching/MatchingShortlistClient.tsx(207,21): error TS1381: Unexpected token. Did you mean `{'}'}` or `&rbrace;`?
app/dashboard/recommendations/[id]/matching/MatchingShortlistClient.tsx(208,17): error TS1382: Unexpected token. Did you mean `{'>'}` or `&gt;`?
app/dashboard/recommendations/[id]/matching/MatchingShortlistClient.tsx(211,19): error TS17002: Expected corresponding JSX closing tag for 'div'.
app/dashboard/recommendations/[id]/matching/MatchingShortlistClient.tsx(212,17): error TS1381: Unexpected token. Did you mean `{'}'}` or `&rbrace;`?
app/dashboard/recommendations/[id]/matching/MatchingShortlistClient.tsx(238,13): error TS17015: Expected corresponding closing tag for JSX fragment.
app/dashboard/recommendations/[id]/matching/MatchingShortlistClient.tsx(238,16): error TS1382: Unexpected token. Did you mean `{'>'}` or `&gt;`?
app/dashboard/recommendations/[id]/matching/MatchingShortlistClient.tsx(255,23): error TS1005: ')' expected.
app/dashboard/recommendations/[id]/matching/MatchingShortlistClient.tsx(258,19): error TS1005: ',' expected.
app/dashboard/recommendations/[id]/matching/MatchingShortlistClient.tsx(258,31): error TS1005: ',' expected.
app/dashboard/recommendations/[id]/matching/MatchingShortlistClient.tsx(263,20): error TS1005: ',' expected.
app/dashboard/recommendations/[id]/matching/MatchingShortlistClient.tsx(363,13): error TS1381: Unexpected token. Did you mean `{'}'}` or `&rbrace;`?
app/dashboard/recommendations/[id]/matching/MatchingShortlistClient.tsx(363,15): error TS1381: Unexpected token. Did you mean `{'}'}` or `&rbrace;`?
app/dashboard/recommendations/[id]/matching/MatchingShortlistClient.tsx(366,11): error TS1005: ')' expected.
app/dashboard/recommendations/[id]/matching/MatchingShortlistClient.tsx(379,9): error TS1128: Declaration or statement expected.
app/dashboard/recommendations/[id]/matching/MatchingShortlistClient.tsx(379,11): error TS1109: Expression expected.
app/dashboard/recommendations/[id]/matching/MatchingShortlistClient.tsx(380,7): error TS1109: Expression expected.
app/dashboard/recommendations/[id]/matching/MatchingShortlistClient.tsx(414,5): error TS1128: Declaration or statement expected.
app/dashboard/recommendations/[id]/matching/MatchingShortlistClient.tsx(415,3): error TS1109: Expression expected.
app/dashboard/recommendations/[id]/matching/MatchingShortlistClient.tsx(416,1): error TS1128: Declaration or statement expected.
app/dashboard/recommendations/[id]/page.tsx(328,33): error TS1005: ',' expected.
app/dashboard/recommendations/[id]/page.tsx(328,78): error TS1005: '(' expected.
app/dashboard/recommendations/[id]/page.tsx(328,81): error TS1003: Identifier expected.
app/dashboard/recommendations/[id]/page.tsx(328,112): error TS1005: ')' expected.
app/dashboard/recommendations/[id]/page.tsx(328,114): error TS17002: Expected corresponding JSX closing tag for 'div'.
app/dashboard/recommendations/[id]/page.tsx(329,26): error TS1381: Unexpected token. Did you mean `{'}'}` or `&rbrace;`?
app/dashboard/recommendations/[id]/page.tsx(331,21): error TS1005: ')' expected.
app/dashboard/recommendations/[id]/page.tsx(334,20): error TS1381: Unexpected token. Did you mean `{'}'}` or `&rbrace;`?
app/dashboard/recommendations/[id]/page.tsx(337,13): error TS1005: ')' expected.
app/dashboard/recommendations/[id]/page.tsx(338,12): error TS1381: Unexpected token. Did you mean `{'}'}` or `&rbrace;`?
app/dashboard/recommendations/[id]/page.tsx(346,14): error TS1005: '}' expected.
app/dashboard/recommendations/[id]/page.tsx(347,19): error TS1381: Unexpected token. Did you mean `{'}'}` or `&rbrace;`?
app/dashboard/recommendations/[id]/page.tsx(351,9): error TS1005: ')' expected.
app/dashboard/recommendations/[id]/page.tsx(433,7): error TS1128: Declaration or statement expected.
app/dashboard/recommendations/[id]/page.tsx(434,5): error TS1109: Expression expected.
app/dashboard/recommendations/[id]/page.tsx(435,3): error TS1109: Expression expected.
app/dashboard/recommendations/new/page.tsx(1414,13): error TS1109: Expression expected.
app/page.tsx(12,25): error TS1005: '(' expected.
app/page.tsx(12,27): error TS1005: ';' expected.
app/page.tsx(12,27): error TS1351: An identifier or keyword cannot immediately follow a numeric literal.
app/page.tsx(12,42): error TS1005: ';' expected.
app/page.tsx(160,8): error TS17008: JSX element 'section' has no corresponding closing tag.
app/page.tsx(176,15): error TS2657: JSX expressions must have one parent element.
app/page.tsx(184,13): error TS1005: ')' expected.
app/page.tsx(185,13): error TS1381: Unexpected token. Did you mean `{'}'}` or `&rbrace;`?
app/page.tsx(187,7): error TS1005: ')' expected.
app/page.tsx(190,16): error TS1005: ';' expected.
app/page.tsx(190,30): error TS1005: ';' expected.
app/page.tsx(190,35): error TS1136: Property assignment expected.
app/page.tsx(190,40): error TS1005: ';' expected.
app/page.tsx(253,7): error TS1128: Declaration or statement expected.
app/page.tsx(256,16): error TS1005: ';' expected.
app/page.tsx(256,27): error TS1005: ';' expected.
app/page.tsx(256,32): error TS1136: Property assignment expected.
app/page.tsx(256,37): error TS1005: ';' expected.
app/page.tsx(256,75): error TS1128: Declaration or statement expected.
app/page.tsx(257,9): error TS2657: JSX expressions must have one parent element.
app/page.tsx(271,7): error TS1128: Declaration or statement expected.
app/page.tsx(274,16): error TS1005: ';' expected.
app/page.tsx(274,33): error TS1005: ';' expected.
app/page.tsx(274,38): error TS1136: Property assignment expected.
app/page.tsx(274,43): error TS1005: ';' expected.
app/page.tsx(274,87): error TS1128: Declaration or statement expected.
app/page.tsx(275,9): error TS2657: JSX expressions must have one parent element.
app/page.tsx(309,7): error TS1128: Declaration or statement expected.
app/page.tsx(312,16): error TS1005: ';' expected.
app/page.tsx(312,25): error TS1005: ';' expected.
app/page.tsx(312,30): error TS1136: Property assignment expected.
app/page.tsx(312,35): error TS1005: ';' expected.
app/page.tsx(312,71): error TS1128: Declaration or statement expected.
app/page.tsx(332,7): error TS1128: Declaration or statement expected.
app/page.tsx(335,5): error TS1128: Declaration or statement expected.
app/page.tsx(336,3): error TS1109: Expression expected.
app/page.tsx(337,1): error TS1128: Declaration or statement expected.
app/patient/[token]/checkout/CheckoutClient.tsx(59,1): error TS1128: Declaration or statement expected.
app/patient/[token]/checkout/page.tsx(255,1): error TS1128: Declaration or statement expected.
app/patient/[token]/page.tsx(470,16): error TS1005: ';' expected.
app/patient/[token]/page.tsx(470,34): error TS1005: ';' expected.
app/patient/[token]/page.tsx(470,56): error TS1128: Declaration or statement expected.
app/patient/[token]/page.tsx(472,8): error TS1472: 'catch' or 'finally' expected.
app/patient/[token]/page.tsx(478,7): error TS1005: ',' expected.
app/patient/[token]/page.tsx(494,17): error TS1005: ';' expected.
app/patient/[token]/page.tsx(494,35): error TS1005: ';' expected.
app/patient/[token]/page.tsx(494,57): error TS1128: Declaration or statement expected.
app/patient/[token]/page.tsx(496,9): error TS1472: 'catch' or 'finally' expected.
app/patient/[token]/page.tsx(503,8): error TS1005: ',' expected.
app/patient/[token]/page.tsx(508,3): error TS1128: Declaration or statement expected.
app/patient/[token]/page.tsx(575,3): error TS1128: Declaration or statement expected.
app/patient/[token]/page.tsx(1244,1): error TS1128: Declaration or statement expected.
app/register/bc/page.tsx(119,7): error TS1109: Expression expected.
app/register/bc/page.tsx(246,7): error TS1130: 'case' or 'default' expected.
app/register/bc/page.tsx(246,23): error TS1005: ';' expected.
app/register/bc/page.tsx(334,7): error TS1434: Unexpected keyword or identifier.
app/register/bc/page.tsx(334,23): error TS1005: ';' expected.
app/register/bc/page.tsx(361,23): error TS1005: ':' expected.
app/register/bc/page.tsx(410,7): error TS1434: Unexpected keyword or identifier.
app/register/bc/page.tsx(410,23): error TS1005: ';' expected.
app/register/bc/page.tsx(434,7): error TS1434: Unexpected keyword or identifier.
app/register/bc/page.tsx(434,23): error TS1005: ';' expected.
app/register/bc/page.tsx(455,7): error TS1434: Unexpected keyword or identifier.
app/register/bc/page.tsx(455,23): error TS1005: ';' expected.
app/register/bc/page.tsx(493,7): error TS1434: Unexpected keyword or identifier.
app/register/bc/page.tsx(493,23): error TS1005: ';' expected.
app/register/bc/page.tsx(546,7): error TS1434: Unexpected keyword or identifier.
app/register/bc/page.tsx(546,23): error TS1005: ';' expected.
app/register/bc/page.tsx(610,7): error TS1128: Declaration or statement expected.
app/register/bc/page.tsx(610,14): error TS1128: Declaration or statement expected.
app/register/bc/page.tsx(613,3): error TS1128: Declaration or statement expected.
app/register/bc/page.tsx(722,1): error TS1128: Declaration or statement expected.
app/register/doctor/page.tsx(193,7): error TS1130: 'case' or 'default' expected.
app/register/doctor/page.tsx(193,23): error TS1005: ';' expected.
app/register/doctor/page.tsx(312,7): error TS1434: Unexpected keyword or identifier.
app/register/doctor/page.tsx(312,23): error TS1005: ';' expected.
app/register/doctor/page.tsx(351,7): error TS1434: Unexpected keyword or identifier.
app/register/doctor/page.tsx(351,23): error TS1005: ';' expected.
app/register/doctor/page.tsx(390,7): error TS1434: Unexpected keyword or identifier.
app/register/doctor/page.tsx(390,23): error TS1005: ';' expected.
app/register/doctor/page.tsx(430,7): error TS1434: Unexpected keyword or identifier.
app/register/doctor/page.tsx(430,23): error TS1005: ';' expected.
app/register/doctor/page.tsx(490,7): error TS1128: Declaration or statement expected.
app/register/doctor/page.tsx(490,14): error TS1128: Declaration or statement expected.
app/register/doctor/page.tsx(493,3): error TS1128: Declaration or statement expected.
app/register/doctor/page.tsx(602,1): error TS1128: Declaration or statement expected.
components/admin/VerificationQueue.tsx(126,5): error TS1005: ':' expected.
components/admin/VerificationQueue.tsx(170,17): error TS1109: Expression expected.
components/dashboard/RequestCard.tsx(135,1): error TS1128: Declaration or statement expected.
components/marketing/Footer.tsx(33,3): error TS1005: ',' expected.
components/marketing/Footer.tsx(33,4): error TS1128: Declaration or statement expected.
components/marketing/Footer.tsx(33,8): error TS1005: ';' expected.
components/marketing/Footer.tsx(109,1): error TS1128: Declaration or statement expected.
components/marketing/Navbar.tsx(54,3): error TS1005: ',' expected.
components/marketing/Navbar.tsx(54,4): error TS1128: Declaration or statement expected.
components/marketing/Navbar.tsx(54,8): error TS1005: ';' expected.
components/marketing/Navbar.tsx(188,1): error TS1128: Declaration or statement expected.
components/notifications/NotificationsView.tsx(110,7): error TS1130: 'case' or 'default' expected.
components/notifications/NotificationsView.tsx(110,39): error TS1005: ';' expected.
components/notifications/NotificationsView.tsx(111,7): error TS1434: Unexpected keyword or identifier.
components/notifications/NotificationsView.tsx(111,44): error TS1005: ';' expected.
components/notifications/NotificationsView.tsx(112,7): error TS1434: Unexpected keyword or identifier.
components/notifications/NotificationsView.tsx(112,44): error TS1005: ';' expected.
components/notifications/NotificationsView.tsx(113,7): error TS1434: Unexpected keyword or identifier.
components/notifications/NotificationsView.tsx(113,44): error TS1005: ';' expected.
components/notifications/NotificationsView.tsx(114,7): error TS1434: Unexpected keyword or identifier.
components/notifications/NotificationsView.tsx(114,35): error TS1005: ';' expected.
components/notifications/NotificationsView.tsx(115,7): error TS1434: Unexpected keyword or identifier.
components/notifications/NotificationsView.tsx(115,39): error TS1005: ';' expected.
components/notifications/NotificationsView.tsx(118,7): error TS1434: Unexpected keyword or identifier.
components/notifications/NotificationsView.tsx(118,40): error TS1005: ';' expected.
components/notifications/NotificationsView.tsx(119,7): error TS1434: Unexpected keyword or identifier.
components/notifications/NotificationsView.tsx(119,36): error TS1005: ';' expected.
components/notifications/NotificationsView.tsx(120,7): error TS1128: Declaration or statement expected.
components/notifications/NotificationsView.tsx(120,14): error TS1128: Declaration or statement expected.
components/notifications/NotificationsView.tsx(122,3): error TS1128: Declaration or statement expected.
components/notifications/NotificationsView.tsx(143,8): error TS17008: JSX element 'main' has no corresponding closing tag.
components/notifications/NotificationsView.tsx(193,19): error TS1005: ')' expected.
components/notifications/NotificationsView.tsx(193,21): error TS17002: Expected corresponding JSX closing tag for 'button'.
components/notifications/NotificationsView.tsx(194,18): error TS1381: Unexpected token. Did you mean `{'}'}` or `&rbrace;`?
components/notifications/NotificationsView.tsx(195,17): error TS17002: Expected corresponding JSX closing tag for 'div'.
components/notifications/NotificationsView.tsx(406,7): error TS1005: ')' expected.
components/notifications/NotificationsView.tsx(407,5): error TS1109: Expression expected.
components/notifications/NotificationsView.tsx(408,3): error TS1109: Expression expected.
components/notifications/NotificationsView.tsx(409,1): error TS1128: Declaration or statement expected.
components/ui/Badge.tsx(11,5): error TS1130: 'case' or 'default' expected.
components/ui/Badge.tsx(11,29): error TS1005: ';' expected.
components/ui/Badge.tsx(14,5): error TS1434: Unexpected keyword or identifier.
components/ui/Badge.tsx(14,29): error TS1005: ';' expected.
components/ui/Badge.tsx(17,5): error TS1434: Unexpected keyword or identifier.
components/ui/Badge.tsx(17,28): error TS1005: ';' expected.
components/ui/Badge.tsx(20,5): error TS1434: Unexpected keyword or identifier.
components/ui/Badge.tsx(20,31): error TS1005: ';' expected.
components/ui/Badge.tsx(21,5): error TS1434: Unexpected keyword or identifier.
components/ui/Badge.tsx(21,29): error TS1005: ';' expected.
components/ui/Badge.tsx(24,5): error TS1434: Unexpected keyword or identifier.
components/ui/Badge.tsx(24,31): error TS1005: ';' expected.
components/ui/Badge.tsx(27,5): error TS1434: Unexpected keyword or identifier.
components/ui/Badge.tsx(27,28): error TS1005: ';' expected.
components/ui/Badge.tsx(28,5): error TS1434: Unexpected keyword or identifier.
components/ui/Badge.tsx(28,27): error TS1005: ';' expected.
components/ui/Badge.tsx(31,5): error TS1434: Unexpected keyword or identifier.
components/ui/Badge.tsx(31,29): error TS1005: ';' expected.
components/ui/Badge.tsx(34,5): error TS1434: Unexpected keyword or identifier.
components/ui/Badge.tsx(34,26): error TS1005: ';' expected.
components/ui/Badge.tsx(45,1): error TS1128: Declaration or statement expected.
components/ui/Button.tsx(14,7): error TS1130: 'case' or 'default' expected.
components/ui/Button.tsx(14,31): error TS1005: ';' expected.
components/ui/Button.tsx(17,7): error TS1434: Unexpected keyword or identifier.
components/ui/Button.tsx(17,33): error TS1005: ';' expected.
components/ui/Button.tsx(20,7): error TS1434: Unexpected keyword or identifier.
components/ui/Button.tsx(20,29): error TS1005: ';' expected.
components/ui/Button.tsx(23,7): error TS1434: Unexpected keyword or identifier.
components/ui/Button.tsx(23,34): error TS1005: ';' expected.
components/ui/Button.tsx(26,7): error TS1434: Unexpected keyword or identifier.
components/ui/Button.tsx(26,34): error TS1005: ';' expected.
components/ui/Button.tsx(29,7): error TS1434: Unexpected keyword or identifier.
components/ui/Button.tsx(29,32): error TS1005: ';' expected.
components/ui/Button.tsx(32,7): error TS1434: Unexpected keyword or identifier.
components/ui/Button.tsx(32,36): error TS1005: ';' expected.
components/ui/Button.tsx(35,7): error TS1434: Unexpected keyword or identifier.
components/ui/Button.tsx(35,31): error TS1005: ';' expected.
components/ui/Button.tsx(38,7): error TS1434: Unexpected keyword or identifier.
components/ui/Button.tsx(38,30): error TS1005: ';' expected.
components/ui/Button.tsx(43,5): error TS1005: ',' expected.
components/ui/Button.tsx(43,9): error TS1005: ',' expected.
components/ui/Button.tsx(43,25): error TS1005: ')' expected.
components/ui/Button.tsx(45,7): error TS1130: 'case' or 'default' expected.
components/ui/Button.tsx(45,26): error TS1005: ';' expected.
components/ui/Button.tsx(48,7): error TS1434: Unexpected keyword or identifier.
components/ui/Button.tsx(48,31): error TS1005: ';' expected.
components/ui/Button.tsx(51,7): error TS1434: Unexpected keyword or identifier.
components/ui/Button.tsx(51,26): error TS1005: ';' expected.
components/ui/Button.tsx(54,5): error TS1128: Declaration or statement expected.
components/ui/Button.tsx(63,3): error TS1128: Declaration or statement expected.
components/ui/Button.tsx(64,1): error TS1128: Declaration or statement expected.
components/ui/FlagIcon.tsx(10,5): error TS1130: 'case' or 'default' expected.
components/ui/FlagIcon.tsx(10,24): error TS1005: ';' expected.
components/ui/FlagIcon.tsx(20,5): error TS1434: Unexpected keyword or identifier.
components/ui/FlagIcon.tsx(20,24): error TS1005: ';' expected.
components/ui/FlagIcon.tsx(28,5): error TS1434: Unexpected keyword or identifier.
components/ui/FlagIcon.tsx(28,24): error TS1005: ';' expected.
components/ui/FlagIcon.tsx(36,5): error TS1434: Unexpected keyword or identifier.
components/ui/FlagIcon.tsx(36,24): error TS1005: ';' expected.
components/ui/FlagIcon.tsx(44,5): error TS1434: Unexpected keyword or identifier.
components/ui/FlagIcon.tsx(44,24): error TS1005: ';' expected.
components/ui/FlagIcon.tsx(52,5): error TS1128: Declaration or statement expected.
components/ui/FlagIcon.tsx(52,12): error TS1128: Declaration or statement expected.
components/ui/FlagIcon.tsx(60,1): error TS1128: Declaration or statement expected.
components/ui/NotificationBell.tsx(42,7): error TS1130: 'case' or 'default' expected.
components/ui/NotificationBell.tsx(42,39): error TS1005: ';' expected.
components/ui/NotificationBell.tsx(43,7): error TS1434: Unexpected keyword or identifier.
components/ui/NotificationBell.tsx(43,44): error TS1005: ';' expected.
components/ui/NotificationBell.tsx(44,7): error TS1434: Unexpected keyword or identifier.
components/ui/NotificationBell.tsx(44,44): error TS1005: ';' expected.
components/ui/NotificationBell.tsx(45,7): error TS1434: Unexpected keyword or identifier.
components/ui/NotificationBell.tsx(45,44): error TS1005: ';' expected.
components/ui/NotificationBell.tsx(46,7): error TS1434: Unexpected keyword or identifier.
components/ui/NotificationBell.tsx(46,35): error TS1005: ';' expected.
components/ui/NotificationBell.tsx(47,7): error TS1434: Unexpected keyword or identifier.
components/ui/NotificationBell.tsx(47,39): error TS1005: ';' expected.
components/ui/NotificationBell.tsx(50,7): error TS1434: Unexpected keyword or identifier.
components/ui/NotificationBell.tsx(50,40): error TS1005: ';' expected.
components/ui/NotificationBell.tsx(51,7): error TS1434: Unexpected keyword or identifier.
components/ui/NotificationBell.tsx(51,36): error TS1005: ';' expected.
components/ui/NotificationBell.tsx(52,7): error TS1128: Declaration or statement expected.
components/ui/NotificationBell.tsx(52,14): error TS1128: Declaration or statement expected.
components/ui/NotificationBell.tsx(54,3): error TS1128: Declaration or statement expected.
components/ui/NotificationBell.tsx(146,1): error TS1128: Declaration or statement expected.
components/ui/StatusBadge.tsx(20,5): error TS1130: 'case' or 'default' expected.
components/ui/StatusBadge.tsx(20,29): error TS1005: ';' expected.
components/ui/StatusBadge.tsx(22,5): error TS1434: Unexpected keyword or identifier.
components/ui/StatusBadge.tsx(22,29): error TS1005: ';' expected.
components/ui/StatusBadge.tsx(24,5): error TS1434: Unexpected keyword or identifier.
components/ui/StatusBadge.tsx(24,37): error TS1005: ';' expected.
components/ui/StatusBadge.tsx(26,5): error TS1434: Unexpected keyword or identifier.
components/ui/StatusBadge.tsx(26,31): error TS1005: ';' expected.
components/ui/StatusBadge.tsx(28,5): error TS1434: Unexpected keyword or identifier.
components/ui/StatusBadge.tsx(28,29): error TS1005: ';' expected.
components/ui/StatusBadge.tsx(30,5): error TS1434: Unexpected keyword or identifier.
components/ui/StatusBadge.tsx(30,30): error TS1005: ';' expected.
components/ui/StatusBadge.tsx(32,5): error TS1434: Unexpected keyword or identifier.
components/ui/StatusBadge.tsx(32,29): error TS1005: ';' expected.
components/ui/StatusBadge.tsx(34,5): error TS1434: Unexpected keyword or identifier.
components/ui/StatusBadge.tsx(34,28): error TS1005: ';' expected.
components/ui/StatusBadge.tsx(36,5): error TS1434: Unexpected keyword or identifier.
components/ui/StatusBadge.tsx(36,33): error TS1005: ';' expected.
components/ui/StatusBadge.tsx(38,5): error TS1434: Unexpected keyword or identifier.
components/ui/StatusBadge.tsx(38,31): error TS1005: ';' expected.
components/ui/StatusBadge.tsx(40,5): error TS1434: Unexpected keyword or identifier.
components/ui/StatusBadge.tsx(40,26): error TS1005: ';' expected.
components/ui/StatusBadge.tsx(42,5): error TS1434: Unexpected keyword or identifier.
components/ui/StatusBadge.tsx(42,31): error TS1005: ';' expected.
components/ui/StatusBadge.tsx(44,5): error TS1434: Unexpected keyword or identifier.
components/ui/StatusBadge.tsx(44,31): error TS1005: ';' expected.
components/ui/StatusBadge.tsx(46,5): error TS1434: Unexpected keyword or identifier.
components/ui/StatusBadge.tsx(46,30): error TS1005: ';' expected.
components/ui/StatusBadge.tsx(48,5): error TS1128: Declaration or statement expected.
components/ui/StatusBadge.tsx(48,12): error TS1128: Declaration or statement expected.
components/ui/StatusBadge.tsx(59,1): error TS1128: Declaration or statement expected.
lib/cancel-appointment.ts(183,1): error TS1128: Declaration or statement expected.
lib/notification-channels.ts(156,7): error TS1130: 'case' or 'default' expected.
lib/notification-channels.ts(156,29): error TS1005: ';' expected.
lib/notification-channels.ts(161,7): error TS1434: Unexpected keyword or identifier.
lib/notification-channels.ts(161,27): error TS1005: ';' expected.
lib/notification-channels.ts(166,7): error TS1434: Unexpected keyword or identifier.
lib/notification-channels.ts(166,32): error TS1005: ';' expected.
lib/notification-channels.ts(171,7): error TS1434: Unexpected keyword or identifier.
lib/notification-channels.ts(171,30): error TS1005: ';' expected.
lib/notification-channels.ts(179,1): error TS1128: Declaration or statement expected.
lib/notifications-helper.ts(186,5): error TS1130: 'case' or 'default' expected.
lib/notifications-helper.ts(186,43): error TS1005: ';' expected.
lib/notifications-helper.ts(188,5): error TS1434: Unexpected keyword or identifier.
lib/notifications-helper.ts(188,37): error TS1005: ';' expected.
lib/notifications-helper.ts(190,5): error TS1434: Unexpected keyword or identifier.
lib/notifications-helper.ts(190,43): error TS1005: ';' expected.
lib/notifications-helper.ts(193,5): error TS1128: Declaration or statement expected.
lib/notifications-helper.ts(193,12): error TS1128: Declaration or statement expected.
lib/notifications-helper.ts(196,1): error TS1128: Declaration or statement expected.
lib/notifications-helper.ts(200,5): error TS1130: 'case' or 'default' expected.
lib/notifications-helper.ts(200,43): error TS1005: ';' expected.
lib/notifications-helper.ts(202,5): error TS1434: Unexpected keyword or identifier.
lib/notifications-helper.ts(202,37): error TS1005: ';' expected.
lib/notifications-helper.ts(204,5): error TS1434: Unexpected keyword or identifier.
lib/notifications-helper.ts(204,43): error TS1005: ';' expected.
lib/notifications-helper.ts(207,5): error TS1128: Declaration or statement expected.
lib/notifications-helper.ts(207,12): error TS1128: Declaration or statement expected.
lib/notifications-helper.ts(210,1): error TS1128: Declaration or statement expected.
